<html>
<head>
<title>TestNG:  UI Tests</title>
<link href="../testng.css" rel="stylesheet" type="text/css" />
<link href="../my-testng.css" rel="stylesheet" type="text/css" />

<style type="text/css">
.log { display: none;} 
.stack-trace { display: none;} 
</style>
<script type="text/javascript">
<!--
function flip(e) {
  current = e.style.display;
  if (current == 'block') {
    e.style.display = 'none';
    return 0;
  }
  else {
    e.style.display = 'block';
    return 1;
  }
}

function toggleBox(szDivId, elem, msg1, msg2)
{
  var res = -1;  if (document.getElementById) {
    res = flip(document.getElementById(szDivId));
  }
  else if (document.all) {
    // this is the way old msie versions work
    res = flip(document.all[szDivId]);
  }
  if(elem) {
    if(res == 0) elem.innerHTML = msg1; else elem.innerHTML = msg2;
  }

}

function toggleAllBoxes() {
  if (document.getElementsByTagName) {
    d = document.getElementsByTagName('div');
    for (i = 0; i < d.length; i++) {
      if (d[i].className == 'log') {
        flip(d[i]);
      }
    }
  }
}

// -->
</script>

</head>
<body>
<h2 align='center'>UI Tests</h2><table border='1' align="center">
<tr>
<td>Tests passed/Failed/Skipped:</td><td>20/3/0</td>
</tr><tr>
<td>Started on:</td><td>Sun Sep 07 20:00:05 IST 2025</td>
</tr>
<tr><td>Total time:</td><td>158 seconds (158581 ms)</td>
</tr><tr>
<td>Included groups:</td><td></td>
</tr><tr>
<td>Excluded groups:</td><td></td>
</tr>
</table><p/>
<small><i>(Hover the method name to see the test class name)</i></small><p/>
<table width='100%' border='1' class='invocation-failed'>
<tr><td colspan='4' align='center'><b>FAILED TESTS</b></td></tr>
<tr><td><b>Test method</b></td>
<td><b>Attribute(s)</b></td>
<td width="30%"><b>Exception</b></td>
<td width="10%"><b>Time (seconds)</b></td>
<td><b>Instance</b></td>
</tr>
<tr>
<td title='com.saucedemo.tests.TestCheckoutPage.checkoutShowsCorrectConfirmationMessage()'><b>checkoutShowsCorrectConfirmationMessage</b><br>Test class: com.saucedemo.tests.TestCheckoutPage</td>
<td><div><pre>org.openqa.selenium.ElementNotInteractableException: element not interactable
  (Session info: chrome=140.0.7339.80)
Build info: version: &apos;4.22.0&apos;, revision: &apos;c5f3146703*&apos;
System info: os.name: &apos;Windows 11&apos;, os.arch: &apos;amd64&apos;, os.version: &apos;10.0&apos;, java.version: &apos;21.0.8&apos;
Driver info: org.openqa.selenium.chrome.ChromeDriver
Command: [bc393df1e5034d91eac4d86ab6a24b73, sendKeysToElement {id=f.F4EB25D28AFE849F63ABEC8923927C5D.d.627691C71AD017543D21E3152C7273C4.e.21, value=[Ljava.lang.CharSequence;@7de0864c}]
Capabilities {acceptInsecureCerts: false, browserName: chrome, browserVersion: 140.0.7339.80, chrome: {chromedriverVersion: 140.0.7339.80 (670b6f192f46..., userDataDir: C:\Users\SHIVAN~1\AppData\L...}, fedcm:accounts: true, goog:chromeOptions: {debuggerAddress: localhost:53538}, networkConnectionEnabled: false, pageLoadStrategy: normal, platformName: windows, proxy: Proxy(), se:cdp: ws://localhost:53538/devtoo..., se:cdpVersion: 140.0.7339.80, setWindowRect: true, strictFileInteractability: false, timeouts: {implicit: 0, pageLoad: 300000, script: 30000}, unhandledPromptBehavior: dismiss and notify, webauthn:extension:credBlob: true, webauthn:extension:largeBlob: true, webauthn:extension:minPinLength: true, webauthn:extension:prf: true, webauthn:virtualAuthenticators: true}
Element: [[ChromeDriver: chrome on windows (bc393df1e5034d91eac4d86ab6a24b73)] -&gt; id: first-name]
Session ID: bc393df1e5034d91eac4d86ab6a24b73
	at org.openqa.selenium.remote.ErrorCodec.decode(ErrorCodec.java:167)
	at org.openqa.selenium.remote.codec.w3c.W3CHttpResponseCodec.decode(W3CHttpResponseCodec.java:138)
	at org.openqa.selenium.remote.codec.w3c.W3CHttpResponseCodec.decode(W3CHttpResponseCodec.java:50)
	at org.openqa.selenium.remote.HttpCommandExecutor.execute(HttpCommandExecutor.java:190)
	at org.openqa.selenium.remote.service.DriverCommandExecutor.invokeExecute(DriverCommandExecutor.java:216)
	at org.openqa.selenium.remote.service.DriverCommandExecutor.execute(DriverCommandExecutor.java:174)
	at org.openqa.selenium.remote.RemoteWebDriver.execute(RemoteWebDriver.java:518)
	at org.openqa.selenium.remote.RemoteWebElement.execute(RemoteWebElement.java:223)
	at org.openqa.selenium.remote.RemoteWebElement.sendKeys(RemoteWebElement.java:110)
	at com.saucedemo.pages.CheckoutPage.fillDetails(CheckoutPage.java:37)
	at com.saucedemo.tests.TestCheckoutPage.checkoutShowsCorrectConfirmationMessage(TestCheckoutPage.java:157)
	at java.base/java.util.ArrayList.forEach(ArrayList.java:1596)
	at java.base/java.util.concurrent.FutureTask.run(FutureTask.java:317)
	at java.base/java.util.concurrent.ThreadPoolExecutor.runWorker(ThreadPoolExecutor.java:1144)
	at java.base/java.util.concurrent.ThreadPoolExecutor$Worker.run(ThreadPoolExecutor.java:642)
	at java.base/java.lang.Thread.run(Thread.java:1583)
... Removed 18 stack frames</pre></div><a href='#' onClick='toggleBox("stack-trace1923825884", this, "Click to show all stack frames", "Click to hide stack frames")'>Click to show all stack frames</a>
<div class='stack-trace' id='stack-trace1923825884'><pre>org.openqa.selenium.ElementNotInteractableException: element not interactable
  (Session info: chrome=140.0.7339.80)
Build info: version: &apos;4.22.0&apos;, revision: &apos;c5f3146703*&apos;
System info: os.name: &apos;Windows 11&apos;, os.arch: &apos;amd64&apos;, os.version: &apos;10.0&apos;, java.version: &apos;21.0.8&apos;
Driver info: org.openqa.selenium.chrome.ChromeDriver
Command: [bc393df1e5034d91eac4d86ab6a24b73, sendKeysToElement {id=f.F4EB25D28AFE849F63ABEC8923927C5D.d.627691C71AD017543D21E3152C7273C4.e.21, value=[Ljava.lang.CharSequence;@7de0864c}]
Capabilities {acceptInsecureCerts: false, browserName: chrome, browserVersion: 140.0.7339.80, chrome: {chromedriverVersion: 140.0.7339.80 (670b6f192f46..., userDataDir: C:\Users\SHIVAN~1\AppData\L...}, fedcm:accounts: true, goog:chromeOptions: {debuggerAddress: localhost:53538}, networkConnectionEnabled: false, pageLoadStrategy: normal, platformName: windows, proxy: Proxy(), se:cdp: ws://localhost:53538/devtoo..., se:cdpVersion: 140.0.7339.80, setWindowRect: true, strictFileInteractability: false, timeouts: {implicit: 0, pageLoad: 300000, script: 30000}, unhandledPromptBehavior: dismiss and notify, webauthn:extension:credBlob: true, webauthn:extension:largeBlob: true, webauthn:extension:minPinLength: true, webauthn:extension:prf: true, webauthn:virtualAuthenticators: true}
Element: [[ChromeDriver: chrome on windows (bc393df1e5034d91eac4d86ab6a24b73)] -&gt; id: first-name]
Session ID: bc393df1e5034d91eac4d86ab6a24b73
	at java.base/jdk.internal.reflect.DirectConstructorHandleAccessor.newInstance(DirectConstructorHandleAccessor.java:62)
	at java.base/java.lang.reflect.Constructor.newInstanceWithCaller(Constructor.java:502)
	at java.base/java.lang.reflect.Constructor.newInstance(Constructor.java:486)
	at org.openqa.selenium.remote.ErrorCodec.decode(ErrorCodec.java:167)
	at org.openqa.selenium.remote.codec.w3c.W3CHttpResponseCodec.decode(W3CHttpResponseCodec.java:138)
	at org.openqa.selenium.remote.codec.w3c.W3CHttpResponseCodec.decode(W3CHttpResponseCodec.java:50)
	at org.openqa.selenium.remote.HttpCommandExecutor.execute(HttpCommandExecutor.java:190)
	at org.openqa.selenium.remote.service.DriverCommandExecutor.invokeExecute(DriverCommandExecutor.java:216)
	at org.openqa.selenium.remote.service.DriverCommandExecutor.execute(DriverCommandExecutor.java:174)
	at org.openqa.selenium.remote.RemoteWebDriver.execute(RemoteWebDriver.java:518)
	at org.openqa.selenium.remote.RemoteWebElement.execute(RemoteWebElement.java:223)
	at org.openqa.selenium.remote.RemoteWebElement.sendKeys(RemoteWebElement.java:110)
	at com.saucedemo.pages.CheckoutPage.fillDetails(CheckoutPage.java:37)
	at com.saucedemo.tests.TestCheckoutPage.checkoutShowsCorrectConfirmationMessage(TestCheckoutPage.java:157)
	at java.base/jdk.internal.reflect.DirectMethodHandleAccessor.invoke(DirectMethodHandleAccessor.java:103)
	at java.base/java.lang.reflect.Method.invoke(Method.java:580)
	at org.testng.internal.invokers.MethodInvocationHelper.invokeMethod(MethodInvocationHelper.java:141)
	at org.testng.internal.invokers.TestInvoker.invokeMethod(TestInvoker.java:686)
	at org.testng.internal.invokers.TestInvoker.invokeTestMethod(TestInvoker.java:230)
	at org.testng.internal.invokers.MethodRunner.runInSequence(MethodRunner.java:63)
	at org.testng.internal.invokers.TestInvoker$MethodInvocationAgent.invoke(TestInvoker.java:992)
	at org.testng.internal.invokers.TestInvoker.invokeTestMethods(TestInvoker.java:203)
	at org.testng.internal.invokers.TestMethodWorker.invokeTestMethods(TestMethodWorker.java:154)
	at org.testng.internal.invokers.TestMethodWorker.run(TestMethodWorker.java:134)
	at java.base/java.util.ArrayList.forEach(ArrayList.java:1596)
	at org.testng.TestRunner.privateRun(TestRunner.java:739)
	at org.testng.TestRunner.run(TestRunner.java:614)
	at org.testng.SuiteRunner.runTest(SuiteRunner.java:421)
	at org.testng.SuiteRunner$SuiteWorker.run(SuiteRunner.java:463)
	at org.testng.internal.thread.ThreadUtil.lambda$execute$0(ThreadUtil.java:64)
	at java.base/java.util.concurrent.FutureTask.run(FutureTask.java:317)
	at java.base/java.util.concurrent.ThreadPoolExecutor.runWorker(ThreadPoolExecutor.java:1144)
	at java.base/java.util.concurrent.ThreadPoolExecutor$Worker.run(ThreadPoolExecutor.java:642)
	at java.base/java.lang.Thread.run(Thread.java:1583)
</pre></div></td>
<td>3</td>
<td>com.saucedemo.tests.TestCheckoutPage@75d4a5c2</td></tr>
<tr>
<td title='com.saucedemo.tests.TestCheckoutPage.completeCheckoutFlow()'><b>completeCheckoutFlow</b><br>Test class: com.saucedemo.tests.TestCheckoutPage</td>
<td><div><pre>org.openqa.selenium.ElementNotInteractableException: element not interactable
  (Session info: chrome=140.0.7339.80)
Build info: version: &apos;4.22.0&apos;, revision: &apos;c5f3146703*&apos;
System info: os.name: &apos;Windows 11&apos;, os.arch: &apos;amd64&apos;, os.version: &apos;10.0&apos;, java.version: &apos;21.0.8&apos;
Driver info: org.openqa.selenium.chrome.ChromeDriver
Command: [34ae81514022a1fac8441ee5658744d1, sendKeysToElement {id=f.A47F67B9B7D3BB624ED1E2E00A2441AF.d.B560527F0696E7F09996C2CF9067192A.e.20, value=[Ljava.lang.CharSequence;@1598dceb}]
Capabilities {acceptInsecureCerts: false, browserName: chrome, browserVersion: 140.0.7339.80, chrome: {chromedriverVersion: 140.0.7339.80 (670b6f192f46..., userDataDir: C:\Users\SHIVAN~1\AppData\L...}, fedcm:accounts: true, goog:chromeOptions: {debuggerAddress: localhost:52975}, networkConnectionEnabled: false, pageLoadStrategy: normal, platformName: windows, proxy: Proxy(), se:cdp: ws://localhost:52975/devtoo..., se:cdpVersion: 140.0.7339.80, setWindowRect: true, strictFileInteractability: false, timeouts: {implicit: 0, pageLoad: 300000, script: 30000}, unhandledPromptBehavior: dismiss and notify, webauthn:extension:credBlob: true, webauthn:extension:largeBlob: true, webauthn:extension:minPinLength: true, webauthn:extension:prf: true, webauthn:virtualAuthenticators: true}
Element: [[ChromeDriver: chrome on windows (34ae81514022a1fac8441ee5658744d1)] -&gt; id: first-name]
Session ID: 34ae81514022a1fac8441ee5658744d1
	at org.openqa.selenium.remote.ErrorCodec.decode(ErrorCodec.java:167)
	at org.openqa.selenium.remote.codec.w3c.W3CHttpResponseCodec.decode(W3CHttpResponseCodec.java:138)
	at org.openqa.selenium.remote.codec.w3c.W3CHttpResponseCodec.decode(W3CHttpResponseCodec.java:50)
	at org.openqa.selenium.remote.HttpCommandExecutor.execute(HttpCommandExecutor.java:190)
	at org.openqa.selenium.remote.service.DriverCommandExecutor.invokeExecute(DriverCommandExecutor.java:216)
	at org.openqa.selenium.remote.service.DriverCommandExecutor.execute(DriverCommandExecutor.java:174)
	at org.openqa.selenium.remote.RemoteWebDriver.execute(RemoteWebDriver.java:518)
	at org.openqa.selenium.remote.RemoteWebElement.execute(RemoteWebElement.java:223)
	at org.openqa.selenium.remote.RemoteWebElement.sendKeys(RemoteWebElement.java:110)
	at com.saucedemo.pages.CheckoutPage.fillDetails(CheckoutPage.java:37)
	at com.saucedemo.tests.TestCheckoutPage.completeCheckoutFlow(TestCheckoutPage.java:99)
	at java.base/java.util.ArrayList.forEach(ArrayList.java:1596)
	at java.base/java.util.concurrent.FutureTask.run(FutureTask.java:317)
	at java.base/java.util.concurrent.ThreadPoolExecutor.runWorker(ThreadPoolExecutor.java:1144)
	at java.base/java.util.concurrent.ThreadPoolExecutor$Worker.run(ThreadPoolExecutor.java:642)
	at java.base/java.lang.Thread.run(Thread.java:1583)
... Removed 18 stack frames</pre></div><a href='#' onClick='toggleBox("stack-trace1552578531", this, "Click to show all stack frames", "Click to hide stack frames")'>Click to show all stack frames</a>
<div class='stack-trace' id='stack-trace1552578531'><pre>org.openqa.selenium.ElementNotInteractableException: element not interactable
  (Session info: chrome=140.0.7339.80)
Build info: version: &apos;4.22.0&apos;, revision: &apos;c5f3146703*&apos;
System info: os.name: &apos;Windows 11&apos;, os.arch: &apos;amd64&apos;, os.version: &apos;10.0&apos;, java.version: &apos;21.0.8&apos;
Driver info: org.openqa.selenium.chrome.ChromeDriver
Command: [34ae81514022a1fac8441ee5658744d1, sendKeysToElement {id=f.A47F67B9B7D3BB624ED1E2E00A2441AF.d.B560527F0696E7F09996C2CF9067192A.e.20, value=[Ljava.lang.CharSequence;@1598dceb}]
Capabilities {acceptInsecureCerts: false, browserName: chrome, browserVersion: 140.0.7339.80, chrome: {chromedriverVersion: 140.0.7339.80 (670b6f192f46..., userDataDir: C:\Users\SHIVAN~1\AppData\L...}, fedcm:accounts: true, goog:chromeOptions: {debuggerAddress: localhost:52975}, networkConnectionEnabled: false, pageLoadStrategy: normal, platformName: windows, proxy: Proxy(), se:cdp: ws://localhost:52975/devtoo..., se:cdpVersion: 140.0.7339.80, setWindowRect: true, strictFileInteractability: false, timeouts: {implicit: 0, pageLoad: 300000, script: 30000}, unhandledPromptBehavior: dismiss and notify, webauthn:extension:credBlob: true, webauthn:extension:largeBlob: true, webauthn:extension:minPinLength: true, webauthn:extension:prf: true, webauthn:virtualAuthenticators: true}
Element: [[ChromeDriver: chrome on windows (34ae81514022a1fac8441ee5658744d1)] -&gt; id: first-name]
Session ID: 34ae81514022a1fac8441ee5658744d1
	at java.base/jdk.internal.reflect.DirectConstructorHandleAccessor.newInstance(DirectConstructorHandleAccessor.java:62)
	at java.base/java.lang.reflect.Constructor.newInstanceWithCaller(Constructor.java:502)
	at java.base/java.lang.reflect.Constructor.newInstance(Constructor.java:486)
	at org.openqa.selenium.remote.ErrorCodec.decode(ErrorCodec.java:167)
	at org.openqa.selenium.remote.codec.w3c.W3CHttpResponseCodec.decode(W3CHttpResponseCodec.java:138)
	at org.openqa.selenium.remote.codec.w3c.W3CHttpResponseCodec.decode(W3CHttpResponseCodec.java:50)
	at org.openqa.selenium.remote.HttpCommandExecutor.execute(HttpCommandExecutor.java:190)
	at org.openqa.selenium.remote.service.DriverCommandExecutor.invokeExecute(DriverCommandExecutor.java:216)
	at org.openqa.selenium.remote.service.DriverCommandExecutor.execute(DriverCommandExecutor.java:174)
	at org.openqa.selenium.remote.RemoteWebDriver.execute(RemoteWebDriver.java:518)
	at org.openqa.selenium.remote.RemoteWebElement.execute(RemoteWebElement.java:223)
	at org.openqa.selenium.remote.RemoteWebElement.sendKeys(RemoteWebElement.java:110)
	at com.saucedemo.pages.CheckoutPage.fillDetails(CheckoutPage.java:37)
	at com.saucedemo.tests.TestCheckoutPage.completeCheckoutFlow(TestCheckoutPage.java:99)
	at java.base/jdk.internal.reflect.DirectMethodHandleAccessor.invoke(DirectMethodHandleAccessor.java:103)
	at java.base/java.lang.reflect.Method.invoke(Method.java:580)
	at org.testng.internal.invokers.MethodInvocationHelper.invokeMethod(MethodInvocationHelper.java:141)
	at org.testng.internal.invokers.TestInvoker.invokeMethod(TestInvoker.java:686)
	at org.testng.internal.invokers.TestInvoker.invokeTestMethod(TestInvoker.java:230)
	at org.testng.internal.invokers.MethodRunner.runInSequence(MethodRunner.java:63)
	at org.testng.internal.invokers.TestInvoker$MethodInvocationAgent.invoke(TestInvoker.java:992)
	at org.testng.internal.invokers.TestInvoker.invokeTestMethods(TestInvoker.java:203)
	at org.testng.internal.invokers.TestMethodWorker.invokeTestMethods(TestMethodWorker.java:154)
	at org.testng.internal.invokers.TestMethodWorker.run(TestMethodWorker.java:134)
	at java.base/java.util.ArrayList.forEach(ArrayList.java:1596)
	at org.testng.TestRunner.privateRun(TestRunner.java:739)
	at org.testng.TestRunner.run(TestRunner.java:614)
	at org.testng.SuiteRunner.runTest(SuiteRunner.java:421)
	at org.testng.SuiteRunner$SuiteWorker.run(SuiteRunner.java:463)
	at org.testng.internal.thread.ThreadUtil.lambda$execute$0(ThreadUtil.java:64)
	at java.base/java.util.concurrent.FutureTask.run(FutureTask.java:317)
	at java.base/java.util.concurrent.ThreadPoolExecutor.runWorker(ThreadPoolExecutor.java:1144)
	at java.base/java.util.concurrent.ThreadPoolExecutor$Worker.run(ThreadPoolExecutor.java:642)
	at java.base/java.lang.Thread.run(Thread.java:1583)
</pre></div></td>
<td>3</td>
<td>com.saucedemo.tests.TestCheckoutPage@75d4a5c2</td></tr>
<tr>
<td title='com.saucedemo.tests.TestCheckoutPage.cannotCheckoutWithEmptyCart()'><b>cannotCheckoutWithEmptyCart</b><br>Test class: com.saucedemo.tests.TestCheckoutPage</td>
<td><div><pre>org.openqa.selenium.ElementNotInteractableException: element not interactable
  (Session info: chrome=140.0.7339.80)
Build info: version: &apos;4.22.0&apos;, revision: &apos;c5f3146703*&apos;
System info: os.name: &apos;Windows 11&apos;, os.arch: &apos;amd64&apos;, os.version: &apos;10.0&apos;, java.version: &apos;21.0.8&apos;
Driver info: org.openqa.selenium.chrome.ChromeDriver
Command: [36ff0c8e953a8f8ed14bdf092993d285, sendKeysToElement {id=f.0094ECE204CD636E0E39584154991EAE.d.90C6D3C5CB6EF53D480F7CD615D33412.e.18, value=[Ljava.lang.CharSequence;@51b10594}]
Capabilities {acceptInsecureCerts: false, browserName: chrome, browserVersion: 140.0.7339.80, chrome: {chromedriverVersion: 140.0.7339.80 (670b6f192f46..., userDataDir: C:\Users\SHIVAN~1\AppData\L...}, fedcm:accounts: true, goog:chromeOptions: {debuggerAddress: localhost:56352}, networkConnectionEnabled: false, pageLoadStrategy: normal, platformName: windows, proxy: Proxy(), se:cdp: ws://localhost:56352/devtoo..., se:cdpVersion: 140.0.7339.80, setWindowRect: true, strictFileInteractability: false, timeouts: {implicit: 0, pageLoad: 300000, script: 30000}, unhandledPromptBehavior: dismiss and notify, webauthn:extension:credBlob: true, webauthn:extension:largeBlob: true, webauthn:extension:minPinLength: true, webauthn:extension:prf: true, webauthn:virtualAuthenticators: true}
Element: [[ChromeDriver: chrome on windows (36ff0c8e953a8f8ed14bdf092993d285)] -&gt; id: first-name]
Session ID: 36ff0c8e953a8f8ed14bdf092993d285
	at org.openqa.selenium.remote.ErrorCodec.decode(ErrorCodec.java:167)
	at org.openqa.selenium.remote.codec.w3c.W3CHttpResponseCodec.decode(W3CHttpResponseCodec.java:138)
	at org.openqa.selenium.remote.codec.w3c.W3CHttpResponseCodec.decode(W3CHttpResponseCodec.java:50)
	at org.openqa.selenium.remote.HttpCommandExecutor.execute(HttpCommandExecutor.java:190)
	at org.openqa.selenium.remote.service.DriverCommandExecutor.invokeExecute(DriverCommandExecutor.java:216)
	at org.openqa.selenium.remote.service.DriverCommandExecutor.execute(DriverCommandExecutor.java:174)
	at org.openqa.selenium.remote.RemoteWebDriver.execute(RemoteWebDriver.java:518)
	at org.openqa.selenium.remote.RemoteWebElement.execute(RemoteWebElement.java:223)
	at org.openqa.selenium.remote.RemoteWebElement.sendKeys(RemoteWebElement.java:110)
	at com.saucedemo.pages.CheckoutPage.fillDetails(CheckoutPage.java:37)
	at com.saucedemo.tests.TestCheckoutPage.cannotCheckoutWithEmptyCart(TestCheckoutPage.java:141)
	at java.base/java.util.ArrayList.forEach(ArrayList.java:1596)
	at java.base/java.util.concurrent.FutureTask.run(FutureTask.java:317)
	at java.base/java.util.concurrent.ThreadPoolExecutor.runWorker(ThreadPoolExecutor.java:1144)
	at java.base/java.util.concurrent.ThreadPoolExecutor$Worker.run(ThreadPoolExecutor.java:642)
	at java.base/java.lang.Thread.run(Thread.java:1583)
... Removed 18 stack frames</pre></div><a href='#' onClick='toggleBox("stack-trace1707712788", this, "Click to show all stack frames", "Click to hide stack frames")'>Click to show all stack frames</a>
<div class='stack-trace' id='stack-trace1707712788'><pre>org.openqa.selenium.ElementNotInteractableException: element not interactable
  (Session info: chrome=140.0.7339.80)
Build info: version: &apos;4.22.0&apos;, revision: &apos;c5f3146703*&apos;
System info: os.name: &apos;Windows 11&apos;, os.arch: &apos;amd64&apos;, os.version: &apos;10.0&apos;, java.version: &apos;21.0.8&apos;
Driver info: org.openqa.selenium.chrome.ChromeDriver
Command: [36ff0c8e953a8f8ed14bdf092993d285, sendKeysToElement {id=f.0094ECE204CD636E0E39584154991EAE.d.90C6D3C5CB6EF53D480F7CD615D33412.e.18, value=[Ljava.lang.CharSequence;@51b10594}]
Capabilities {acceptInsecureCerts: false, browserName: chrome, browserVersion: 140.0.7339.80, chrome: {chromedriverVersion: 140.0.7339.80 (670b6f192f46..., userDataDir: C:\Users\SHIVAN~1\AppData\L...}, fedcm:accounts: true, goog:chromeOptions: {debuggerAddress: localhost:56352}, networkConnectionEnabled: false, pageLoadStrategy: normal, platformName: windows, proxy: Proxy(), se:cdp: ws://localhost:56352/devtoo..., se:cdpVersion: 140.0.7339.80, setWindowRect: true, strictFileInteractability: false, timeouts: {implicit: 0, pageLoad: 300000, script: 30000}, unhandledPromptBehavior: dismiss and notify, webauthn:extension:credBlob: true, webauthn:extension:largeBlob: true, webauthn:extension:minPinLength: true, webauthn:extension:prf: true, webauthn:virtualAuthenticators: true}
Element: [[ChromeDriver: chrome on windows (36ff0c8e953a8f8ed14bdf092993d285)] -&gt; id: first-name]
Session ID: 36ff0c8e953a8f8ed14bdf092993d285
	at java.base/jdk.internal.reflect.DirectConstructorHandleAccessor.newInstance(DirectConstructorHandleAccessor.java:62)
	at java.base/java.lang.reflect.Constructor.newInstanceWithCaller(Constructor.java:502)
	at java.base/java.lang.reflect.Constructor.newInstance(Constructor.java:486)
	at org.openqa.selenium.remote.ErrorCodec.decode(ErrorCodec.java:167)
	at org.openqa.selenium.remote.codec.w3c.W3CHttpResponseCodec.decode(W3CHttpResponseCodec.java:138)
	at org.openqa.selenium.remote.codec.w3c.W3CHttpResponseCodec.decode(W3CHttpResponseCodec.java:50)
	at org.openqa.selenium.remote.HttpCommandExecutor.execute(HttpCommandExecutor.java:190)
	at org.openqa.selenium.remote.service.DriverCommandExecutor.invokeExecute(DriverCommandExecutor.java:216)
	at org.openqa.selenium.remote.service.DriverCommandExecutor.execute(DriverCommandExecutor.java:174)
	at org.openqa.selenium.remote.RemoteWebDriver.execute(RemoteWebDriver.java:518)
	at org.openqa.selenium.remote.RemoteWebElement.execute(RemoteWebElement.java:223)
	at org.openqa.selenium.remote.RemoteWebElement.sendKeys(RemoteWebElement.java:110)
	at com.saucedemo.pages.CheckoutPage.fillDetails(CheckoutPage.java:37)
	at com.saucedemo.tests.TestCheckoutPage.cannotCheckoutWithEmptyCart(TestCheckoutPage.java:141)
	at java.base/jdk.internal.reflect.DirectMethodHandleAccessor.invoke(DirectMethodHandleAccessor.java:103)
	at java.base/java.lang.reflect.Method.invoke(Method.java:580)
	at org.testng.internal.invokers.MethodInvocationHelper.invokeMethod(MethodInvocationHelper.java:141)
	at org.testng.internal.invokers.TestInvoker.invokeMethod(TestInvoker.java:686)
	at org.testng.internal.invokers.TestInvoker.invokeTestMethod(TestInvoker.java:230)
	at org.testng.internal.invokers.MethodRunner.runInSequence(MethodRunner.java:63)
	at org.testng.internal.invokers.TestInvoker$MethodInvocationAgent.invoke(TestInvoker.java:992)
	at org.testng.internal.invokers.TestInvoker.invokeTestMethods(TestInvoker.java:203)
	at org.testng.internal.invokers.TestMethodWorker.invokeTestMethods(TestMethodWorker.java:154)
	at org.testng.internal.invokers.TestMethodWorker.run(TestMethodWorker.java:134)
	at java.base/java.util.ArrayList.forEach(ArrayList.java:1596)
	at org.testng.TestRunner.privateRun(TestRunner.java:739)
	at org.testng.TestRunner.run(TestRunner.java:614)
	at org.testng.SuiteRunner.runTest(SuiteRunner.java:421)
	at org.testng.SuiteRunner$SuiteWorker.run(SuiteRunner.java:463)
	at org.testng.internal.thread.ThreadUtil.lambda$execute$0(ThreadUtil.java:64)
	at java.base/java.util.concurrent.FutureTask.run(FutureTask.java:317)
	at java.base/java.util.concurrent.ThreadPoolExecutor.runWorker(ThreadPoolExecutor.java:1144)
	at java.base/java.util.concurrent.ThreadPoolExecutor$Worker.run(ThreadPoolExecutor.java:642)
	at java.base/java.lang.Thread.run(Thread.java:1583)
</pre></div></td>
<td>2</td>
<td>com.saucedemo.tests.TestCheckoutPage@75d4a5c2</td></tr>
</table><p>
<table width='100%' border='1' class='invocation-passed'>
<tr><td colspan='4' align='center'><b>PASSED TESTS</b></td></tr>
<tr><td><b>Test method</b></td>
<td><b>Attribute(s)</b></td>
<td width="30%"><b>Exception</b></td>
<td width="10%"><b>Time (seconds)</b></td>
<td><b>Instance</b></td>
</tr>
<tr>
<td title='com.saucedemo.tests.TestAddToCartPage.cartBadgeAccumulatesItems()'><b>cartBadgeAccumulatesItems</b><br>Test class: com.saucedemo.tests.TestAddToCartPage</td>
<td></td>
<td>0</td>
<td>com.saucedemo.tests.TestAddToCartPage@a1153bc</td></tr>
<tr>
<td title='com.saucedemo.tests.LoginPageTest.allValidUsersShouldLoginSuccessfully()'><b>allValidUsersShouldLoginSuccessfully</b><br>Test class: com.saucedemo.tests.LoginPageTest</td>
<td></td>
<td>12</td>
<td>com.saucedemo.tests.LoginPageTest@48f2bd5b</td></tr>
<tr>
<td title='com.saucedemo.tests.TestSortingProductPage.sortByPriceHighToLow()'><b>sortByPriceHighToLow</b><br>Test class: com.saucedemo.tests.TestSortingProductPage</td>
<td></td>
<td>3</td>
<td>com.saucedemo.tests.TestSortingProductPage@557caf28</td></tr>
<tr>
<td title='com.saucedemo.tests.TestCartBadgeCountValidationPage.badgeIncrementsWhenAddingItems()'><b>badgeIncrementsWhenAddingItems</b><br>Test class: com.saucedemo.tests.TestCartBadgeCountValidationPage</td>
<td></td>
<td>0</td>
<td>com.saucedemo.tests.TestCartBadgeCountValidationPage@6c6cb480</td></tr>
<tr>
<td title='com.saucedemo.tests.TestAddToCartPage.cartLinkNavigatesToCartPage()'><b>cartLinkNavigatesToCartPage</b><br>Test class: com.saucedemo.tests.TestAddToCartPage</td>
<td></td>
<td>0</td>
<td>com.saucedemo.tests.TestAddToCartPage@a1153bc</td></tr>
<tr>
<td title='com.saucedemo.tests.TestCartBadgeCountValidationPage.badgeShowsTwoWhenAddingTwoItems()'><b>badgeShowsTwoWhenAddingTwoItems</b><br>Test class: com.saucedemo.tests.TestCartBadgeCountValidationPage</td>
<td></td>
<td>0</td>
<td>com.saucedemo.tests.TestCartBadgeCountValidationPage@6c6cb480</td></tr>
<tr>
<td title='com.saucedemo.tests.TestHomePage.headerVisibleAfterLogin()'><b>headerVisibleAfterLogin</b><br>Test class: com.saucedemo.tests.TestHomePage</td>
<td></td>
<td>6</td>
<td>com.saucedemo.tests.TestHomePage@7b2bbc3</td></tr>
<tr>
<td title='com.saucedemo.tests.TestCheckoutPage.cancelCheckoutShouldReturnToCart()'><b>cancelCheckoutShouldReturnToCart</b><br>Test class: com.saucedemo.tests.TestCheckoutPage</td>
<td></td>
<td>2</td>
<td>com.saucedemo.tests.TestCheckoutPage@75d4a5c2</td></tr>
<tr>
<td title='com.saucedemo.tests.TestLogoutPage.logoutWorks()'><b>logoutWorks</b><br>Test class: com.saucedemo.tests.TestLogoutPage</td>
<td></td>
<td>4</td>
<td>com.saucedemo.tests.TestLogoutPage@408d971b</td></tr>
<tr>
<td title='com.saucedemo.tests.TestAddToCartPage.cartBadgeNotVisibleWhenEmpty()'><b>cartBadgeNotVisibleWhenEmpty</b><br>Test class: com.saucedemo.tests.TestAddToCartPage</td>
<td></td>
<td>0</td>
<td>com.saucedemo.tests.TestAddToCartPage@a1153bc</td></tr>
<tr>
<td title='com.saucedemo.tests.LoginPageTest.testUsernameOrPasswordRequiredErrors()'><b>testUsernameOrPasswordRequiredErrors</b><br>Test class: com.saucedemo.tests.LoginPageTest</td>
<td></td>
<td>5</td>
<td>com.saucedemo.tests.LoginPageTest@48f2bd5b</td></tr>
<tr>
<td title='com.saucedemo.tests.TestSortingProductPage.sortByNameZtoA()'><b>sortByNameZtoA</b><br>Test class: com.saucedemo.tests.TestSortingProductPage</td>
<td></td>
<td>3</td>
<td>com.saucedemo.tests.TestSortingProductPage@557caf28</td></tr>
<tr>
<td title='com.saucedemo.tests.LoginPageTest.lockedOutUserShowsError()'><b>lockedOutUserShowsError</b><br>Test class: com.saucedemo.tests.LoginPageTest</td>
<td></td>
<td>4</td>
<td>com.saucedemo.tests.LoginPageTest@48f2bd5b</td></tr>
<tr>
<td title='com.saucedemo.tests.TestAddToCartPage.addItemUpdatesCartBadge()'><b>addItemUpdatesCartBadge</b><br>Test class: com.saucedemo.tests.TestAddToCartPage</td>
<td></td>
<td>0</td>
<td>com.saucedemo.tests.TestAddToCartPage@a1153bc</td></tr>
<tr>
<td title='com.saucedemo.tests.TestSortingProductPage.sortByPriceLowToHigh()'><b>sortByPriceLowToHigh</b><br>Test class: com.saucedemo.tests.TestSortingProductPage</td>
<td></td>
<td>4</td>
<td>com.saucedemo.tests.TestSortingProductPage@557caf28</td></tr>
<tr>
<td title='com.saucedemo.tests.TestCartBadgeCountValidationPage.badgeUpdatesAfterRemovingItem()'><b>badgeUpdatesAfterRemovingItem</b><br>Test class: com.saucedemo.tests.TestCartBadgeCountValidationPage</td>
<td></td>
<td>0</td>
<td>com.saucedemo.tests.TestCartBadgeCountValidationPage@6c6cb480</td></tr>
<tr>
<td title='com.saucedemo.tests.TestAddToCartPage.removeItemUpdatesCartBadgeToZero()'><b>removeItemUpdatesCartBadgeToZero</b><br>Test class: com.saucedemo.tests.TestAddToCartPage</td>
<td></td>
<td>0</td>
<td>com.saucedemo.tests.TestAddToCartPage@a1153bc</td></tr>
<tr>
<td title='com.saucedemo.tests.TestSortingProductPage.sortByNameAtoZ()'><b>sortByNameAtoZ</b><br>Test class: com.saucedemo.tests.TestSortingProductPage</td>
<td></td>
<td>2</td>
<td>com.saucedemo.tests.TestSortingProductPage@557caf28</td></tr>
<tr>
<td title='com.saucedemo.tests.LoginPageTest.validLogin()'><b>validLogin</b><br>Test class: com.saucedemo.tests.LoginPageTest</td>
<td></td>
<td>4</td>
<td>com.saucedemo.tests.LoginPageTest@48f2bd5b</td></tr>
<tr>
<td title='com.saucedemo.tests.LoginPageTest.invalidUserShowsError()'><b>invalidUserShowsError</b><br>Test class: com.saucedemo.tests.LoginPageTest</td>
<td></td>
<td>2</td>
<td>com.saucedemo.tests.LoginPageTest@48f2bd5b</td></tr>
</table><p>
</body>
</html>